\BOOKMARK [0][-]{chapter*.2}{Compound Microscope}{}% 1
\BOOKMARK [0][-]{chapter*.12}{Hemocytometer}{}% 2
\BOOKMARK [0][-]{chapter*.28}{Estimation Of Total RBC Count}{}% 3
\BOOKMARK [0][-]{chapter*.36}{Estimation Of Total WBC Count}{}% 4
\BOOKMARK [0][-]{chapter*.44}{Absolute Eosinophil Count}{}% 5
\BOOKMARK [0][-]{chapter*.52}{Differential Count}{}% 6
\BOOKMARK [0][-]{chapter*.62}{Hemoglobin Estimation}{}% 7
\BOOKMARK [0][-]{chapter*.71}{Blood Grouping \046 Typing}{}% 8
\BOOKMARK [0][-]{chapter*.79}{Estimation Of Bleeding Time}{}% 9
\BOOKMARK [0][-]{chapter*.87}{Estimation Of Clotting Time}{}% 10
\BOOKMARK [0][-]{chapter*.95}{Estimation Of Erythrocyte Sedimentation Rate}{}% 11
\BOOKMARK [0][-]{chapter*.103}{Packed Cell Volume}{}% 12
\BOOKMARK [0][-]{chapter*.111}{Osmotic Fragility}{}% 13
\BOOKMARK [0][-]{chapter*.120}{Specific Gravity}{}% 14
\BOOKMARK [0][-]{chapter*.129}{General Examination}{}% 15
\BOOKMARK [0][-]{chapter*.144}{Examination Of Respiratory System}{}% 16
\BOOKMARK [0][-]{chapter*.163}{Respiratory Efficiency Test}{}% 17
\BOOKMARK [0][-]{chapter*.169}{Spirometry}{}% 18
\BOOKMARK [0][-]{chapter*.178}{Stethography}{}% 19
\BOOKMARK [0][-]{chapter*.189}{Examination of the Arterial Pulse}{}% 20
\BOOKMARK [0][-]{chapter*.206}{Examination Of Cardiovascular System}{}% 21
\BOOKMARK [0][-]{chapter*.214}{Recording of Blood Pressure}{}% 22
\BOOKMARK [0][-]{chapter*.229}{Effects of Posture and Exercise on Blood Pressure}{}% 23
\BOOKMARK [0][-]{chapter*.241}{Examination Of Sensory System}{}% 24
\BOOKMARK [0][-]{chapter*.262}{Examination Of Motor System}{}% 25
\BOOKMARK [0][-]{chapter*.288}{Reflexes}{}% 26
\BOOKMARK [0][-]{chapter*.320}{Cerebellar Function Tests}{}% 27
\BOOKMARK [0][-]{chapter*.342}{Examination Of Cranial Nerves \(1-6\)}{}% 28
\BOOKMARK [0][-]{chapter*.377}{Examination Of Cranial Nerves \(7-12\)}{}% 29
