mktextfm ecrm1000
mktextfm ecrm2074
mktextfm ecbx2074
mktextfm ecbx2488
mktextfm ecrm1440
mktextfm ecbx1440
mktextfm ecrm1200
mktextfm ecbx1200
mktextfm ecsl1000
mktextfm ecrm1000
mktextfm ecrm2074
mktextfm ecbx2074
mktextfm ecbx2488
mktextfm ecrm1440
mktextfm ecbx1440
mktextfm ecrm1200
mktextfm ecbx1200
mktextfm ecsl1000
mktextfm ecrm1000
mktextfm ecrm2074
mktextfm ecbx2074
mktextfm ecbx2488
mktextfm ecrm1440
mktextfm ecbx1440
mktextfm ecrm1200
mktextfm ecbx1200
mktextfm ecsl1000
mktextfm ptmr7t
mktextfm ptmr7t
mktextfm ptmr7t
mktextfm ptmr7t
mktextfm ptmb7t
mktextfm nullfont
mktextfm ptmb7t
mktextfm nullfont
mktextfm ptmr7t
mktextfm ptmb7t
mktextfm nullfont
mktextfm ptmr7t
mktextfm ptmb7t
mktextfm nullfont
mktextfm ptmro7t
